TN:
SF:/Users/kumarankur/Desktop/angular/angular-project/src/polyfills.ts
FNF:0
FNH:0
LF:0
LH:0
BRF:0
BRH:0
end_of_record
TN:
SF:/Users/kumarankur/Desktop/angular/angular-project/src/test.ts
FNF:0
FNH:0
DA:18,1
DA:23,1
DA:25,1
LF:3
LH:3
BRF:0
BRH:0
end_of_record
TN:
SF:/Users/kumarankur/Desktop/angular/angular-project/src/app/app-routing.module.ts
FN:11,(anonymous_0)
FN:11,(anonymous_1)
FN:15,(anonymous_2)
FN:15,(anonymous_3)
FN:19,(anonymous_4)
FN:19,(anonymous_5)
FN:23,(anonymous_6)
FN:23,(anonymous_7)
FN:27,(anonymous_8)
FN:27,(anonymous_9)
FNF:10
FNH:0
FNDA:0,(anonymous_0)
FNDA:0,(anonymous_1)
FNDA:0,(anonymous_2)
FNDA:0,(anonymous_3)
FNDA:0,(anonymous_4)
FNDA:0,(anonymous_5)
FNDA:0,(anonymous_6)
FNDA:0,(anonymous_7)
FNDA:0,(anonymous_8)
FNDA:0,(anonymous_9)
DA:6,1
DA:11,0
DA:15,0
DA:19,0
DA:23,0
DA:27,0
DA:40,1
LF:7
LH:2
BRF:0
BRH:0
end_of_record
TN:
SF:/Users/kumarankur/Desktop/angular/angular-project/src/app/app.component.ts
FN:8,(anonymous_0)
FNF:1
FNH:1
FNDA:3,(anonymous_0)
DA:8,1
DA:9,3
LF:2
LH:2
BRF:0
BRH:0
end_of_record
TN:
SF:/Users/kumarankur/Desktop/angular/angular-project/src/app/ecommerce/ecommerce-routing.module.ts
FNF:0
FNH:0
DA:6,1
DA:12,1
LF:2
LH:2
BRF:0
BRH:0
end_of_record
TN:
SF:/Users/kumarankur/Desktop/angular/angular-project/src/app/ecommerce/ecommerce.component.ts
FN:20,(anonymous_0)
FN:31,(anonymous_1)
FN:33,(anonymous_2)
FN:41,(anonymous_3)
FN:46,(anonymous_4)
FN:52,(anonymous_5)
FN:59,(anonymous_6)
FN:72,(anonymous_7)
FNF:8
FNH:8
FNDA:8,(anonymous_0)
FNDA:8,(anonymous_1)
FNDA:1,(anonymous_2)
FNDA:1,(anonymous_3)
FNDA:1,(anonymous_4)
FNDA:2,(anonymous_5)
FNDA:2,(anonymous_6)
FNDA:3,(anonymous_7)
DA:10,1
DA:20,8
DA:21,8
DA:22,8
DA:23,8
DA:24,8
DA:25,8
DA:26,8
DA:27,8
DA:28,8
DA:32,8
DA:33,8
DA:34,1
DA:35,1
DA:36,1
DA:42,1
DA:47,1
DA:53,2
DA:54,2
DA:55,2
DA:60,2
DA:61,2
DA:62,1
DA:63,1
DA:65,1
DA:66,1
DA:67,1
DA:73,3
LF:28
LH:28
BRDA:61,0,0,1
BRDA:61,0,1,1
BRDA:67,1,0,1
BRDA:67,1,1,0
BRF:4
BRH:3
end_of_record
TN:
SF:/Users/kumarankur/Desktop/angular/angular-project/src/app/ecommerce/ecommerce.pipe.ts
FN:6,(anonymous_0)
FNF:1
FNH:1
FNDA:6,(anonymous_0)
DA:5,1
DA:7,6
DA:8,4
DA:10,2
DA:11,0
DA:13,2
DA:14,0
DA:15,0
DA:17,0
DA:20,2
LF:10
LH:6
BRDA:6,0,0,2
BRDA:6,1,0,0
BRDA:7,2,0,4
BRDA:7,2,1,2
BRDA:7,3,0,6
BRDA:7,3,1,4
BRDA:7,3,2,2
BRDA:10,4,0,0
BRDA:10,4,1,2
BRDA:13,5,0,0
BRDA:13,5,1,2
BRDA:13,6,0,2
BRDA:13,6,1,2
BRDA:14,7,0,0
BRDA:14,7,1,0
BRF:15
BRH:10
end_of_record
TN:
SF:/Users/kumarankur/Desktop/angular/angular-project/src/app/ecommerce/grid/grid.component.ts
FN:11,(anonymous_0)
FN:13,(anonymous_1)
FNF:2
FNH:2
FNDA:2,(anonymous_0)
FNDA:2,(anonymous_1)
DA:8,1
DA:9,1
DA:10,1
LF:3
LH:3
BRF:0
BRH:0
end_of_record
TN:
SF:/Users/kumarankur/Desktop/angular/angular-project/src/app/ecommerce/list/list.component.ts
FN:11,(anonymous_0)
FN:13,(anonymous_1)
FNF:2
FNH:2
FNDA:1,(anonymous_0)
FNDA:1,(anonymous_1)
DA:8,1
DA:9,1
DA:10,1
LF:3
LH:3
BRF:0
BRH:0
end_of_record
TN:
SF:/Users/kumarankur/Desktop/angular/angular-project/src/app/grid/grid-routing.module.ts
FNF:0
FNH:0
DA:6,1
DA:12,1
LF:2
LH:2
BRF:0
BRH:0
end_of_record
TN:
SF:/Users/kumarankur/Desktop/angular/angular-project/src/app/grid/grid.component.ts
FN:10,(anonymous_0)
FN:22,(anonymous_1)
FN:28,(anonymous_2)
FN:31,(anonymous_3)
FN:41,(anonymous_4)
FNF:5
FNH:2
FNDA:1,(anonymous_0)
FNDA:0,(anonymous_1)
FNDA:1,(anonymous_2)
FNDA:0,(anonymous_3)
FNDA:0,(anonymous_4)
DA:9,1
DA:11,1
DA:12,1
DA:13,1
DA:14,1
DA:22,1
DA:23,0
DA:24,0
DA:25,0
DA:31,1
DA:32,0
DA:34,0
DA:35,0
DA:36,0
DA:42,0
LF:15
LH:7
BRDA:34,0,0,0
BRDA:34,0,1,0
BRF:2
BRH:0
end_of_record
TN:
SF:/Users/kumarankur/Desktop/angular/angular-project/src/app/header/header.component.ts
FN:10,(anonymous_0)
FN:12,(anonymous_1)
FNF:2
FNH:2
FNDA:1,(anonymous_0)
FNDA:1,(anonymous_1)
DA:8,1
LF:1
LH:1
BRF:0
BRH:0
end_of_record
TN:
SF:/Users/kumarankur/Desktop/angular/angular-project/src/app/home/home.component.ts
FN:10,(anonymous_0)
FN:12,(anonymous_1)
FNF:2
FNH:2
FNDA:1,(anonymous_0)
FNDA:1,(anonymous_1)
DA:8,1
LF:1
LH:1
BRF:0
BRH:0
end_of_record
TN:
SF:/Users/kumarankur/Desktop/angular/angular-project/src/app/input-output-timer/input-output-timer.component.ts
FN:15,(anonymous_0)
FN:23,(anonymous_1)
FN:26,(anonymous_2)
FN:31,(anonymous_3)
FN:36,(anonymous_4)
FN:41,(anonymous_5)
FN:46,(anonymous_6)
FNF:7
FNH:2
FNDA:1,(anonymous_0)
FNDA:1,(anonymous_1)
FNDA:0,(anonymous_2)
FNDA:0,(anonymous_3)
FNDA:0,(anonymous_4)
FNDA:0,(anonymous_5)
FNDA:0,(anonymous_6)
DA:8,1
DA:16,1
DA:17,1
DA:18,1
DA:19,1
DA:20,1
DA:27,0
DA:32,0
DA:37,0
DA:42,0
DA:47,0
LF:11
LH:6
BRF:0
BRH:0
end_of_record
TN:
SF:/Users/kumarankur/Desktop/angular/angular-project/src/app/input-output-timer/counter-status/counter-status.component.ts
FN:11,(anonymous_0)
FN:13,(anonymous_1)
FNF:2
FNH:2
FNDA:2,(anonymous_0)
FNDA:2,(anonymous_1)
DA:8,1
DA:9,1
DA:10,1
LF:3
LH:3
BRF:0
BRH:0
end_of_record
TN:
SF:/Users/kumarankur/Desktop/angular/angular-project/src/app/input-output-timer/display/display.component.ts
FN:10,(anonymous_0)
FN:12,(anonymous_1)
FNF:2
FNH:2
FNDA:2,(anonymous_0)
FNDA:2,(anonymous_1)
DA:8,1
DA:9,1
LF:2
LH:2
BRF:0
BRH:0
end_of_record
TN:
SF:/Users/kumarankur/Desktop/angular/angular-project/src/app/input-output-timer/forms/forms.component.ts
FN:23,(anonymous_0)
FN:33,(anonymous_1)
FN:36,(anonymous_2)
FN:46,(anonymous_3)
FN:56,(anonymous_4)
FN:76,(anonymous_5)
FN:82,(anonymous_6)
FN:92,(anonymous_7)
FNF:8
FNH:8
FNDA:6,(anonymous_0)
FNDA:6,(anonymous_1)
FNDA:1,(anonymous_2)
FNDA:1,(anonymous_3)
FNDA:11,(anonymous_4)
FNDA:1,(anonymous_5)
FNDA:30,(anonymous_6)
FNDA:2,(anonymous_7)
DA:8,1
DA:17,6
DA:18,6
DA:19,6
DA:20,6
DA:21,6
DA:24,6
DA:25,6
DA:26,6
DA:27,6
DA:28,6
DA:29,6
DA:30,6
DA:37,1
DA:38,1
DA:39,1
DA:47,1
DA:48,1
DA:49,1
DA:50,1
DA:51,1
DA:52,1
DA:53,1
DA:54,1
DA:55,1
DA:56,1
DA:57,11
DA:58,1
DA:59,1
DA:60,1
DA:62,11
DA:63,11
DA:66,0
DA:67,0
DA:68,0
DA:69,0
DA:70,0
DA:77,1
DA:78,1
DA:83,30
DA:84,0
DA:85,30
DA:86,8
DA:88,22
DA:93,2
DA:94,2
DA:95,2
DA:96,2
DA:97,2
DA:98,2
DA:99,2
DA:100,2
DA:101,2
LF:53
LH:47
BRDA:47,0,0,1
BRDA:47,0,1,0
BRDA:50,1,0,1
BRDA:50,1,1,0
BRDA:57,2,0,1
BRDA:57,2,1,10
BRDA:83,3,0,0
BRDA:83,3,1,30
BRDA:85,4,0,8
BRDA:85,4,1,22
BRF:10
BRH:7
end_of_record
TN:
SF:/Users/kumarankur/Desktop/angular/angular-project/src/app/input-output-timer/logger/logger.component.ts
FN:18,(anonymous_0)
FN:22,(anonymous_1)
FN:24,(anonymous_2)
FNF:3
FNH:3
FNDA:3,(anonymous_0)
FNDA:3,(anonymous_1)
FNDA:2,(anonymous_2)
DA:14,1
DA:15,1
DA:16,1
DA:19,3
DA:25,2
DA:26,1
DA:28,2
DA:29,0
LF:8
LH:7
BRDA:25,0,0,1
BRDA:25,0,1,1
BRDA:25,1,0,2
BRDA:25,1,1,2
BRDA:28,2,0,0
BRDA:28,2,1,2
BRDA:28,3,0,2
BRDA:28,3,1,1
BRF:8
BRH:7
end_of_record
TN:
SF:/Users/kumarankur/Desktop/angular/angular-project/src/app/navigation/navigation.component.ts
FN:10,(anonymous_0)
FN:12,(anonymous_1)
FN:14,(anonymous_2)
FNF:3
FNH:2
FNDA:10,(anonymous_0)
FNDA:10,(anonymous_1)
FNDA:0,(anonymous_2)
DA:8,1
DA:9,10
DA:15,0
LF:3
LH:2
BRF:0
BRH:0
end_of_record
TN:
SF:/Users/kumarankur/Desktop/angular/angular-project/src/app/navigation/navigation.module.ts
FNF:0
FNH:0
DA:11,1
LF:1
LH:1
BRF:0
BRH:0
end_of_record
TN:
SF:/Users/kumarankur/Desktop/angular/angular-project/src/app/nested-image/nested-image.component.ts
FN:15,(anonymous_0)
FN:24,(anonymous_1)
FN:27,(anonymous_2)
FN:32,(anonymous_3)
FN:37,(anonymous_4)
FN:42,(anonymous_5)
FNF:6
FNH:6
FNDA:5,(anonymous_0)
FNDA:5,(anonymous_1)
FNDA:287,(anonymous_2)
FNDA:287,(anonymous_3)
FNDA:287,(anonymous_4)
FNDA:287,(anonymous_5)
DA:8,1
DA:16,5
DA:17,5
DA:18,5
DA:19,5
DA:20,5
DA:21,5
DA:28,287
DA:33,287
DA:38,287
DA:43,287
LF:11
LH:11
BRF:0
BRH:0
end_of_record
TN:
SF:/Users/kumarankur/Desktop/angular/angular-project/src/app/service-timer/service-timer.component.ts
FN:10,(anonymous_0)
FN:12,(anonymous_1)
FNF:2
FNH:2
FNDA:1,(anonymous_0)
FNDA:1,(anonymous_1)
DA:8,1
LF:1
LH:1
BRF:0
BRH:0
end_of_record
TN:
SF:/Users/kumarankur/Desktop/angular/angular-project/src/app/service-timer/service-timer.service.ts
FN:5,(anonymous_0)
FNF:1
FNH:1
FNDA:12,(anonymous_0)
DA:5,1
DA:6,12
DA:7,12
DA:8,12
DA:9,12
DA:10,12
LF:6
LH:6
BRF:0
BRH:0
end_of_record
TN:
SF:/Users/kumarankur/Desktop/angular/angular-project/src/app/service-timer/counter-status/counter-status.component.ts
FN:15,(anonymous_0)
FN:20,(anonymous_1)
FN:21,(anonymous_2)
FN:24,(anonymous_3)
FN:29,(anonymous_4)
FNF:5
FNH:3
FNDA:1,(anonymous_0)
FNDA:1,(anonymous_1)
FNDA:0,(anonymous_2)
FNDA:0,(anonymous_3)
FNDA:1,(anonymous_4)
DA:10,1
DA:15,1
DA:16,1
DA:17,1
DA:21,1
DA:22,0
DA:24,1
DA:25,0
DA:30,1
DA:31,1
LF:10
LH:8
BRF:0
BRH:0
end_of_record
TN:
SF:/Users/kumarankur/Desktop/angular/angular-project/src/app/service-timer/display/display.component.ts
FN:13,(anonymous_0)
FN:17,(anonymous_1)
FN:18,(anonymous_2)
FN:23,(anonymous_3)
FNF:4
FNH:3
FNDA:3,(anonymous_0)
FNDA:3,(anonymous_1)
FNDA:0,(anonymous_2)
FNDA:3,(anonymous_3)
DA:10,1
DA:13,3
DA:14,3
DA:18,3
DA:19,0
DA:24,3
DA:25,3
LF:7
LH:6
BRF:0
BRH:0
end_of_record
TN:
SF:/Users/kumarankur/Desktop/angular/angular-project/src/app/service-timer/forms/forms.component.ts
FN:18,(anonymous_0)
FN:28,(anonymous_1)
FN:31,(anonymous_2)
FN:41,(anonymous_3)
FN:51,(anonymous_4)
FN:71,(anonymous_5)
FN:77,(anonymous_6)
FN:87,(anonymous_7)
FN:100,(anonymous_8)
FNF:9
FNH:8
FNDA:7,(anonymous_0)
FNDA:7,(anonymous_1)
FNDA:1,(anonymous_2)
FNDA:2,(anonymous_3)
FNDA:0,(anonymous_4)
FNDA:1,(anonymous_5)
FNDA:39,(anonymous_6)
FNDA:10,(anonymous_7)
FNDA:7,(anonymous_8)
DA:9,1
DA:18,7
DA:19,7
DA:20,7
DA:21,7
DA:22,7
DA:23,7
DA:24,7
DA:25,7
DA:32,1
DA:33,1
DA:34,1
DA:42,2
DA:43,2
DA:44,2
DA:45,2
DA:46,1
DA:47,1
DA:48,1
DA:49,1
DA:50,1
DA:51,1
DA:52,0
DA:53,0
DA:54,0
DA:55,0
DA:57,0
DA:58,0
DA:61,1
DA:62,1
DA:63,1
DA:64,1
DA:65,1
DA:72,1
DA:73,1
DA:78,39
DA:79,0
DA:80,39
DA:81,9
DA:83,30
DA:88,10
DA:89,10
DA:90,10
DA:91,10
DA:92,10
DA:93,10
DA:94,10
DA:95,10
DA:96,10
DA:97,10
DA:101,7
LF:51
LH:44
BRDA:42,0,0,2
BRDA:42,0,1,0
BRDA:45,1,0,1
BRDA:45,1,1,1
BRDA:52,2,0,0
BRDA:52,2,1,0
BRDA:78,3,0,0
BRDA:78,3,1,39
BRDA:80,4,0,9
BRDA:80,4,1,30
BRF:10
BRH:6
end_of_record
TN:
SF:/Users/kumarankur/Desktop/angular/angular-project/src/app/service-timer/logger/logger.component.ts
FN:14,(anonymous_0)
FN:18,(anonymous_1)
FN:19,(anonymous_2)
FN:24,(anonymous_3)
FN:29,(anonymous_4)
FNF:5
FNH:3
FNDA:1,(anonymous_0)
FNDA:1,(anonymous_1)
FNDA:0,(anonymous_2)
FNDA:0,(anonymous_3)
FNDA:1,(anonymous_4)
DA:10,1
DA:14,1
DA:15,1
DA:19,1
DA:20,0
DA:21,0
DA:24,1
DA:25,0
DA:30,1
DA:31,1
LF:10
LH:7
BRDA:20,0,0,0
BRDA:20,0,1,0
BRF:2
BRH:0
end_of_record
TN:
SF:/Users/kumarankur/Desktop/angular/angular-project/src/app/spinner/spinner.component.ts
FN:10,(anonymous_0)
FN:12,(anonymous_1)
FNF:2
FNH:2
FNDA:9,(anonymous_0)
FNDA:9,(anonymous_1)
DA:8,1
LF:1
LH:1
BRF:0
BRH:0
end_of_record
TN:
SF:/Users/kumarankur/Desktop/angular/angular-project/src/app/spinner/spinner.module.ts
FNF:0
FNH:0
DA:8,1
LF:1
LH:1
BRF:0
BRH:0
end_of_record
TN:
SF:/Users/kumarankur/Desktop/angular/angular-project/src/app/table/table.component.ts
FN:26,(anonymous_0)
FN:42,(anonymous_1)
FN:44,(anonymous_2)
FN:56,(anonymous_3)
FN:67,(anonymous_4)
FN:89,(anonymous_5)
FN:99,(anonymous_6)
FN:109,(anonymous_7)
FNF:8
FNH:5
FNDA:3,(anonymous_0)
FNDA:3,(anonymous_1)
FNDA:3,(anonymous_2)
FNDA:2,(anonymous_3)
FNDA:1,(anonymous_4)
FNDA:0,(anonymous_5)
FNDA:0,(anonymous_6)
FNDA:0,(anonymous_7)
DA:11,1
DA:26,3
DA:27,3
DA:28,3
DA:29,3
DA:30,3
DA:31,3
DA:32,3
DA:33,3
DA:34,3
DA:35,3
DA:36,3
DA:37,3
DA:38,3
DA:39,3
DA:43,3
DA:44,3
DA:45,3
DA:46,3
DA:47,3
DA:48,3
DA:57,2
DA:58,2
DA:59,2
DA:61,0
DA:62,0
DA:68,1
DA:69,1
DA:71,0
DA:72,0
DA:73,0
DA:76,1
DA:77,0
DA:78,0
DA:79,0
DA:80,0
DA:82,1
DA:83,1
DA:84,1
DA:90,0
DA:91,0
DA:93,0
DA:95,0
DA:100,0
DA:101,0
DA:103,0
DA:105,0
DA:110,0
DA:111,0
DA:113,0
DA:116,0
LF:51
LH:30
BRDA:57,0,0,2
BRDA:57,0,1,0
BRDA:68,1,0,1
BRDA:68,1,1,0
BRDA:71,2,0,0
BRDA:71,2,1,0
BRDA:76,3,0,0
BRDA:76,3,1,1
BRDA:90,4,0,0
BRDA:90,4,1,0
BRDA:90,5,0,0
BRDA:90,5,1,0
BRDA:100,6,0,0
BRDA:100,6,1,0
BRDA:100,7,0,0
BRDA:100,7,1,0
BRDA:110,8,0,0
BRDA:110,8,1,0
BRF:18
BRH:3
end_of_record
